<?xml version="1.0" encoding="UTF-8"?>
<!-- Generated by org.testng.reporters.JUnitXMLReporter -->
<testsuite ignored="0" hostname="RamaKrishna-PC" failures="0" tests="2" name="BankingApp Test" time="87.796" errors="0" timestamp="23 Feb 2019 08:39:43 GMT">
  <testcase classname="com.inetBanking.testCases.TC_LoginTest_001" name="loginTest" time="30.513"/>
  <testcase classname="com.inetBanking.testCases.TC_AddCustomerTest_003" name="addNewCustomer" time="20.63"/>
</testsuite> <!-- BankingApp Test -->
