<?xml version="1.0" encoding="UTF-8"?>
<testng-results ignored="0" total="2" passed="2" failed="0" skipped="0">
  <reporter-output>
  </reporter-output>
  <suite started-at="2019-02-23T08:38:15Z" name="InetBankingV1" finished-at="2019-02-23T08:39:43Z" duration-ms="87796">
    <groups>
    </groups>
    <test started-at="2019-02-23T08:38:15Z" name="BankingApp Test" finished-at="2019-02-23T08:39:43Z" duration-ms="87796">
      <class name="com.inetBanking.testCases.TC_LoginTest_001">
        <test-method is-config="true" signature="setup(java.lang.String)[pri:0, instance:com.inetBanking.testCases.TC_LoginTest_001@71c3b41]" started-at="2019-02-23T08:38:16Z" name="setup" finished-at="2019-02-23T08:38:44Z" duration-ms="28015" status="PASS">
          <params>
            <param index="0">
              <value>
                <![CDATA[chrome]]>
              </value>
            </param>
          </params>
          <reporter-output>
          </reporter-output>
        </test-method> <!-- setup -->
        <test-method signature="loginTest()[pri:0, instance:com.inetBanking.testCases.TC_LoginTest_001@71c3b41]" started-at="2019-02-23T08:38:44Z" name="loginTest" finished-at="2019-02-23T08:39:14Z" duration-ms="30513" status="PASS">
          <reporter-output>
          </reporter-output>
        </test-method> <!-- loginTest -->
        <test-method is-config="true" signature="tearDown()[pri:0, instance:com.inetBanking.testCases.TC_LoginTest_001@71c3b41]" started-at="2019-02-23T08:39:14Z" name="tearDown" finished-at="2019-02-23T08:39:15Z" duration-ms="741" status="PASS">
          <reporter-output>
          </reporter-output>
        </test-method> <!-- tearDown -->
      </class> <!-- com.inetBanking.testCases.TC_LoginTest_001 -->
      <class name="com.inetBanking.testCases.TC_AddCustomerTest_003">
        <test-method is-config="true" signature="setup(java.lang.String)[pri:0, instance:com.inetBanking.testCases.TC_AddCustomerTest_003@236e3f4e]" started-at="2019-02-23T08:39:15Z" name="setup" finished-at="2019-02-23T08:39:22Z" duration-ms="6690" status="PASS">
          <params>
            <param index="0">
              <value>
                <![CDATA[chrome]]>
              </value>
            </param>
          </params>
          <reporter-output>
          </reporter-output>
        </test-method> <!-- setup -->
        <test-method signature="addNewCustomer()[pri:0, instance:com.inetBanking.testCases.TC_AddCustomerTest_003@236e3f4e]" started-at="2019-02-23T08:39:22Z" name="addNewCustomer" finished-at="2019-02-23T08:39:42Z" duration-ms="20630" status="PASS">
          <reporter-output>
          </reporter-output>
        </test-method> <!-- addNewCustomer -->
        <test-method is-config="true" signature="tearDown()[pri:0, instance:com.inetBanking.testCases.TC_AddCustomerTest_003@236e3f4e]" started-at="2019-02-23T08:39:42Z" name="tearDown" finished-at="2019-02-23T08:39:43Z" duration-ms="718" status="PASS">
          <reporter-output>
          </reporter-output>
        </test-method> <!-- tearDown -->
      </class> <!-- com.inetBanking.testCases.TC_AddCustomerTest_003 -->
    </test> <!-- BankingApp Test -->
  </suite> <!-- InetBankingV1 -->
</testng-results>
